DEPRECATION WARNING: warning: white_list_sanitizer isdeprecated, please use safe_list_sanitizer instead. (called from block in <module:ContentHelper> at /Users/soramac/.rbenv/versions/2.6.3/lib/ruby/gems/2.6.0/gems/actiontext-6.0.0.rc2/app/helpers/action_text/content_helper.rb:7)
Started GET "/" for 127.0.0.1 at 2019-08-05 23:14:40 +0700
  [1m[35m (5.9ms)[0m  [1m[34mSELECT sqlite_version(*)[0m
Processing by Rails::WelcomeController#index as HTML
  Rendering /Users/soramac/.rbenv/versions/2.6.3/lib/ruby/gems/2.6.0/gems/railties-6.0.0.rc2/lib/rails/templates/rails/welcome/index.html.erb
  Rendered /Users/soramac/.rbenv/versions/2.6.3/lib/ruby/gems/2.6.0/gems/railties-6.0.0.rc2/lib/rails/templates/rails/welcome/index.html.erb (Duration: 56.2ms | Allocations: 490)
Completed 200 OK in 104ms (Views: 76.7ms | ActiveRecord: 0.0ms | Allocations: 3094)


Started GET "/" for 127.0.0.1 at 2019-08-05 23:34:33 +0700
  [1m[35m (0.1ms)[0m  [1m[34mSELECT sqlite_version(*)[0m
Processing by ChatroomController#index as HTML
  Rendering chatroom/index.html.erb within layouts/application
  Rendered chatroom/index.html.erb within layouts/application (Duration: 0.4ms | Allocations: 87)
[Webpacker] Compiling…
[Webpacker] Compiled all packs in /Users/soramac/Documents/Pixta/message_me/public/packs
Completed 200 OK in 5673ms (Views: 5669.9ms | ActiveRecord: 0.0ms | Allocations: 1457249)


Started GET "/login" for 127.0.0.1 at 2019-08-05 23:35:04 +0700
  
AbstractController::ActionNotFound (The action 'new' could not be found for SessionsController):
  
actionpack (6.0.0.rc2) lib/abstract_controller/base.rb:131:in `process'
actionview (6.0.0.rc2) lib/action_view/rendering.rb:39:in `process'
actionpack (6.0.0.rc2) lib/action_controller/metal.rb:191:in `dispatch'
actionpack (6.0.0.rc2) lib/action_controller/metal.rb:252:in `dispatch'
actionpack (6.0.0.rc2) lib/action_dispatch/routing/route_set.rb:51:in `dispatch'
actionpack (6.0.0.rc2) lib/action_dispatch/routing/route_set.rb:33:in `serve'
actionpack (6.0.0.rc2) lib/action_dispatch/journey/router.rb:49:in `block in serve'
actionpack (6.0.0.rc2) lib/action_dispatch/journey/router.rb:32:in `each'
actionpack (6.0.0.rc2) lib/action_dispatch/journey/router.rb:32:in `serve'
actionpack (6.0.0.rc2) lib/action_dispatch/routing/route_set.rb:837:in `call'
rack (2.0.7) lib/rack/tempfile_reaper.rb:15:in `call'
rack (2.0.7) lib/rack/etag.rb:25:in `call'
rack (2.0.7) lib/rack/conditional_get.rb:25:in `call'
rack (2.0.7) lib/rack/head.rb:12:in `call'
actionpack (6.0.0.rc2) lib/action_dispatch/http/content_security_policy.rb:18:in `call'
rack (2.0.7) lib/rack/session/abstract/id.rb:232:in `context'
rack (2.0.7) lib/rack/session/abstract/id.rb:226:in `call'
actionpack (6.0.0.rc2) lib/action_dispatch/middleware/cookies.rb:644:in `call'
activerecord (6.0.0.rc2) lib/active_record/migration.rb:567:in `call'
actionpack (6.0.0.rc2) lib/action_dispatch/middleware/callbacks.rb:27:in `block in call'
activesupport (6.0.0.rc2) lib/active_support/callbacks.rb:101:in `run_callbacks'
actionpack (6.0.0.rc2) lib/action_dispatch/middleware/callbacks.rb:26:in `call'
actionpack (6.0.0.rc2) lib/action_dispatch/middleware/executor.rb:14:in `call'
actionpack (6.0.0.rc2) lib/action_dispatch/middleware/actionable_exceptions.rb:17:in `call'
actionpack (6.0.0.rc2) lib/action_dispatch/middleware/debug_exceptions.rb:32:in `call'
web-console (4.0.0) lib/web_console/middleware.rb:132:in `call_app'
web-console (4.0.0) lib/web_console/middleware.rb:28:in `block in call'
web-console (4.0.0) lib/web_console/middleware.rb:17:in `catch'
web-console (4.0.0) lib/web_console/middleware.rb:17:in `call'
actionpack (6.0.0.rc2) lib/action_dispatch/middleware/show_exceptions.rb:33:in `call'
railties (6.0.0.rc2) lib/rails/rack/logger.rb:38:in `call_app'
railties (6.0.0.rc2) lib/rails/rack/logger.rb:26:in `block in call'
activesupport (6.0.0.rc2) lib/active_support/tagged_logging.rb:80:in `block in tagged'
activesupport (6.0.0.rc2) lib/active_support/tagged_logging.rb:28:in `tagged'
activesupport (6.0.0.rc2) lib/active_support/tagged_logging.rb:80:in `tagged'
railties (6.0.0.rc2) lib/rails/rack/logger.rb:26:in `call'
sprockets-rails (3.2.1) lib/sprockets/rails/quiet_assets.rb:13:in `call'
actionpack (6.0.0.rc2) lib/action_dispatch/middleware/remote_ip.rb:81:in `call'
actionpack (6.0.0.rc2) lib/action_dispatch/middleware/request_id.rb:27:in `call'
rack (2.0.7) lib/rack/method_override.rb:22:in `call'
rack (2.0.7) lib/rack/runtime.rb:22:in `call'
activesupport (6.0.0.rc2) lib/active_support/cache/strategy/local_cache_middleware.rb:29:in `call'
actionpack (6.0.0.rc2) lib/action_dispatch/middleware/executor.rb:14:in `call'
actionpack (6.0.0.rc2) lib/action_dispatch/middleware/static.rb:126:in `call'
rack (2.0.7) lib/rack/sendfile.rb:111:in `call'
actionpack (6.0.0.rc2) lib/action_dispatch/middleware/host_authorization.rb:83:in `call'
webpacker (4.0.7) lib/webpacker/dev_server_proxy.rb:29:in `perform_request'
rack-proxy (0.6.5) lib/rack/proxy.rb:57:in `call'
railties (6.0.0.rc2) lib/rails/engine.rb:526:in `call'
puma (3.12.1) lib/puma/configuration.rb:227:in `call'
puma (3.12.1) lib/puma/server.rb:660:in `handle_request'
puma (3.12.1) lib/puma/server.rb:474:in `process_client'
puma (3.12.1) lib/puma/server.rb:334:in `block in run'
puma (3.12.1) lib/puma/thread_pool.rb:135:in `block in spawn_thread'
Started GET "/login" for 127.0.0.1 at 2019-08-05 23:35:28 +0700
  [1m[35m (0.1ms)[0m  [1m[34mSELECT sqlite_version(*)[0m
Processing by SessionsController#new as HTML
Completed 406 Not Acceptable in 16ms (ActiveRecord: 0.0ms | Allocations: 2031)


  
ActionController::MissingExactTemplate (SessionsController#new is missing a template for request formats: text/html):
  
actionpack (6.0.0.rc2) lib/action_controller/metal/implicit_render.rb:45:in `default_render'
actionpack (6.0.0.rc2) lib/action_controller/metal/basic_implicit_render.rb:6:in `block in send_action'
actionpack (6.0.0.rc2) lib/action_controller/metal/basic_implicit_render.rb:6:in `tap'
actionpack (6.0.0.rc2) lib/action_controller/metal/basic_implicit_render.rb:6:in `send_action'
actionpack (6.0.0.rc2) lib/abstract_controller/base.rb:196:in `process_action'
actionpack (6.0.0.rc2) lib/action_controller/metal/rendering.rb:30:in `process_action'
actionpack (6.0.0.rc2) lib/abstract_controller/callbacks.rb:42:in `block in process_action'
activesupport (6.0.0.rc2) lib/active_support/callbacks.rb:135:in `run_callbacks'
actionpack (6.0.0.rc2) lib/abstract_controller/callbacks.rb:41:in `process_action'
actionpack (6.0.0.rc2) lib/action_controller/metal/rescue.rb:22:in `process_action'
actionpack (6.0.0.rc2) lib/action_controller/metal/instrumentation.rb:33:in `block in process_action'
activesupport (6.0.0.rc2) lib/active_support/notifications.rb:180:in `block in instrument'
activesupport (6.0.0.rc2) lib/active_support/notifications/instrumenter.rb:24:in `instrument'
activesupport (6.0.0.rc2) lib/active_support/notifications.rb:180:in `instrument'
actionpack (6.0.0.rc2) lib/action_controller/metal/instrumentation.rb:32:in `process_action'
actionpack (6.0.0.rc2) lib/action_controller/metal/params_wrapper.rb:245:in `process_action'
activerecord (6.0.0.rc2) lib/active_record/railties/controller_runtime.rb:27:in `process_action'
actionpack (6.0.0.rc2) lib/abstract_controller/base.rb:136:in `process'
actionview (6.0.0.rc2) lib/action_view/rendering.rb:39:in `process'
actionpack (6.0.0.rc2) lib/action_controller/metal.rb:191:in `dispatch'
actionpack (6.0.0.rc2) lib/action_controller/metal.rb:252:in `dispatch'
actionpack (6.0.0.rc2) lib/action_dispatch/routing/route_set.rb:51:in `dispatch'
actionpack (6.0.0.rc2) lib/action_dispatch/routing/route_set.rb:33:in `serve'
actionpack (6.0.0.rc2) lib/action_dispatch/journey/router.rb:49:in `block in serve'
actionpack (6.0.0.rc2) lib/action_dispatch/journey/router.rb:32:in `each'
actionpack (6.0.0.rc2) lib/action_dispatch/journey/router.rb:32:in `serve'
actionpack (6.0.0.rc2) lib/action_dispatch/routing/route_set.rb:837:in `call'
rack (2.0.7) lib/rack/tempfile_reaper.rb:15:in `call'
rack (2.0.7) lib/rack/etag.rb:25:in `call'
rack (2.0.7) lib/rack/conditional_get.rb:25:in `call'
rack (2.0.7) lib/rack/head.rb:12:in `call'
actionpack (6.0.0.rc2) lib/action_dispatch/http/content_security_policy.rb:18:in `call'
rack (2.0.7) lib/rack/session/abstract/id.rb:232:in `context'
rack (2.0.7) lib/rack/session/abstract/id.rb:226:in `call'
actionpack (6.0.0.rc2) lib/action_dispatch/middleware/cookies.rb:644:in `call'
activerecord (6.0.0.rc2) lib/active_record/migration.rb:567:in `call'
actionpack (6.0.0.rc2) lib/action_dispatch/middleware/callbacks.rb:27:in `block in call'
activesupport (6.0.0.rc2) lib/active_support/callbacks.rb:101:in `run_callbacks'
actionpack (6.0.0.rc2) lib/action_dispatch/middleware/callbacks.rb:26:in `call'
actionpack (6.0.0.rc2) lib/action_dispatch/middleware/executor.rb:14:in `call'
actionpack (6.0.0.rc2) lib/action_dispatch/middleware/actionable_exceptions.rb:17:in `call'
actionpack (6.0.0.rc2) lib/action_dispatch/middleware/debug_exceptions.rb:32:in `call'
web-console (4.0.0) lib/web_console/middleware.rb:132:in `call_app'
web-console (4.0.0) lib/web_console/middleware.rb:28:in `block in call'
web-console (4.0.0) lib/web_console/middleware.rb:17:in `catch'
web-console (4.0.0) lib/web_console/middleware.rb:17:in `call'
actionpack (6.0.0.rc2) lib/action_dispatch/middleware/show_exceptions.rb:33:in `call'
railties (6.0.0.rc2) lib/rails/rack/logger.rb:38:in `call_app'
railties (6.0.0.rc2) lib/rails/rack/logger.rb:26:in `block in call'
activesupport (6.0.0.rc2) lib/active_support/tagged_logging.rb:80:in `block in tagged'
activesupport (6.0.0.rc2) lib/active_support/tagged_logging.rb:28:in `tagged'
activesupport (6.0.0.rc2) lib/active_support/tagged_logging.rb:80:in `tagged'
railties (6.0.0.rc2) lib/rails/rack/logger.rb:26:in `call'
sprockets-rails (3.2.1) lib/sprockets/rails/quiet_assets.rb:13:in `call'
actionpack (6.0.0.rc2) lib/action_dispatch/middleware/remote_ip.rb:81:in `call'
actionpack (6.0.0.rc2) lib/action_dispatch/middleware/request_id.rb:27:in `call'
rack (2.0.7) lib/rack/method_override.rb:22:in `call'
rack (2.0.7) lib/rack/runtime.rb:22:in `call'
activesupport (6.0.0.rc2) lib/active_support/cache/strategy/local_cache_middleware.rb:29:in `call'
actionpack (6.0.0.rc2) lib/action_dispatch/middleware/executor.rb:14:in `call'
actionpack (6.0.0.rc2) lib/action_dispatch/middleware/static.rb:126:in `call'
rack (2.0.7) lib/rack/sendfile.rb:111:in `call'
actionpack (6.0.0.rc2) lib/action_dispatch/middleware/host_authorization.rb:83:in `call'
webpacker (4.0.7) lib/webpacker/dev_server_proxy.rb:29:in `perform_request'
rack-proxy (0.6.5) lib/rack/proxy.rb:57:in `call'
railties (6.0.0.rc2) lib/rails/engine.rb:526:in `call'
puma (3.12.1) lib/puma/configuration.rb:227:in `call'
puma (3.12.1) lib/puma/server.rb:660:in `handle_request'
puma (3.12.1) lib/puma/server.rb:474:in `process_client'
puma (3.12.1) lib/puma/server.rb:334:in `block in run'
puma (3.12.1) lib/puma/thread_pool.rb:135:in `block in spawn_thread'
Started GET "/login" for 127.0.0.1 at 2019-08-05 23:36:00 +0700
Processing by SessionsController#new as HTML
  Rendering sessions/new.html.erb within layouts/application
  Rendered sessions/new.html.erb within layouts/application (Duration: 0.3ms | Allocations: 81)
Completed 200 OK in 13ms (Views: 12.2ms | ActiveRecord: 0.0ms | Allocations: 5244)


DEPRECATION WARNING: warning: white_list_sanitizer isdeprecated, please use safe_list_sanitizer instead. (called from <main> at /Users/soramac/Documents/Pixta/message_me/config/environment.rb:5)
Started GET "/login" for 127.0.0.1 at 2019-08-05 23:46:59 +0700
  [1m[35m (0.1ms)[0m  [1m[34mSELECT sqlite_version(*)[0m
Processing by SessionsController#new as HTML
  Rendering sessions/new.html.erb within layouts/application
  Rendered sessions/new.html.erb within layouts/application (Duration: 0.0ms | Allocations: 5)
Completed 500 Internal Server Error in 25ms (ActiveRecord: 0.0ms | Allocations: 8741)


  
ActionView::Template::Error (File to import not found or unreadable: semantic-ui.
Load paths:
  /Users/soramac/Documents/Pixta/message_me/app/assets/config
  /Users/soramac/Documents/Pixta/message_me/app/assets/images
  /Users/soramac/Documents/Pixta/message_me/app/assets/stylesheets
  /Users/soramac/.rbenv/versions/2.6.3/lib/ruby/gems/2.6.0/gems/actioncable-6.0.0.rc2/app/assets/javascripts
  /Users/soramac/.rbenv/versions/2.6.3/lib/ruby/gems/2.6.0/gems/activestorage-6.0.0.rc2/app/assets/javascripts
  /Users/soramac/.rbenv/versions/2.6.3/lib/ruby/gems/2.6.0/gems/actionview-6.0.0.rc2/lib/assets/compiled
  /Users/soramac/.rbenv/versions/2.6.3/lib/ruby/gems/2.6.0/gems/turbolinks-source-5.2.0/lib/assets/javascripts
  /Users/soramac/Documents/Pixta/message_me/node_modules):
     5:     <%= csrf_meta_tags %>
     6:     <%= csp_meta_tag %>
     7: 
     8:     <%= stylesheet_link_tag 'application', media: 'all', 'data-turbolinks-track': 'reload' %>
     9:     <%= javascript_pack_tag 'application', 'data-turbolinks-track': 'reload' %>
    10:   </head>
    11: 
  
app/assets/stylesheets/custom.css.scss:1
app/views/layouts/application.html.erb:8
DEPRECATION WARNING: warning: white_list_sanitizer isdeprecated, please use safe_list_sanitizer instead. (called from <main> at /Users/soramac/Documents/Pixta/message_me/config/environment.rb:5)
Started GET "/login" for 127.0.0.1 at 2019-08-05 23:47:27 +0700
  [1m[35m (0.6ms)[0m  [1m[34mSELECT sqlite_version(*)[0m
Processing by SessionsController#new as HTML
  Rendering sessions/new.html.erb within layouts/application
  Rendered sessions/new.html.erb within layouts/application (Duration: 0.6ms | Allocations: 201)
[Webpacker] Compiling…
[Webpacker] Compiled all packs in /Users/soramac/Documents/Pixta/message_me/public/packs
Completed 200 OK in 21323ms (Views: 21315.1ms | ActiveRecord: 0.0ms | Allocations: 7664826)


